<?xml version="1.0" encoding="UTF-8"?>
<!-- Generated by org.testng.reporters.JUnitXMLReporter -->
<testsuite ignored="0" hostname="NETWIN-PC63" failures="1" tests="16" name="Default test" time="196.519" errors="0" timestamp="19 Apr 2018 02:07:09 GMT">
  <testcase classname="com.konnect.testcases.KonnectionsPageTest" name="ClickonAddNewKonnections" time="33.374"/>
  <testcase classname="com.konnect.testcases.KonnectionsPageTest" name="ClickonAllKonnectionsTab" time="0.096"/>
  <testcase classname="com.konnect.testcases.KonnectionsPageTest" name="SearchUserToSelect" time="3.379"/>
  <testcase classname="com.konnect.testcases.KonnectionsPageTest" name="SelectUser" time="1.327"/>
  <testcase classname="com.konnect.testcases.KonnectionsPageTest" name="ClickonKonnect" time="2.593"/>
  <testcase classname="com.konnect.testcases.KonnectionsPageTest" name="NavigatetoMyKonnections" time="3.365"/>
  <testcase classname="com.konnect.testcases.KonnectionsPageTest" name="SearchRequestSentUser" time="5.385"/>
  <testcase classname="com.konnect.testcases.KonnectionsPageTest" name="DeleteRequestSentUser" time="2.553"/>
  <testcase classname="com.konnect.testcases.KonnectionsPageTest" name="VerifyUserRequestCancellledStatus" time="4.036"/>
  <testcase classname="com.konnect.testcases.KonnectionsPageTest" name="NavigatetoAllKonnections" time="3.055"/>
  <testcase classname="com.konnect.testcases.KonnectionsPageTest" name="SearchAnyoneuserinMyKonnections" time="6.259"/>
  <testcase classname="com.konnect.testcases.KonnectionsPageTest" name="VerifyAllRequestSentUser" time="30.145">
    <failure type="org.openqa.selenium.NoSuchElementException" message="Unable to locate element: //div[@class=&amp;apos;box-body konnectMembers KonnMemberList PenKonnections&amp;apos;]//following::ul//li[1]
For documentation on this error, please visit: http://seleniumhq.org/exceptions/no_such_element.html
Build info: version: &amp;apos;3.11.0&amp;apos;, revision: &amp;apos;e59cfb3&amp;apos;, time: &amp;apos;2018-03-11T20:26:55.152Z&amp;apos;
System info: host: &amp;apos;NETWIN-PC63&amp;apos;, ip: &amp;apos;172.16.6.163&amp;apos;, os.name: &amp;apos;Windows 10&amp;apos;, os.arch: &amp;apos;amd64&amp;apos;, os.version: &amp;apos;10.0&amp;apos;, java.version: &amp;apos;9.0.4&amp;apos;
Driver info: org.openqa.selenium.firefox.FirefoxDriver
Capabilities {acceptInsecureCerts: true, browserName: firefox, browserVersion: 59.0.2, javascriptEnabled: true, moz:accessibilityChecks: false, moz:headless: false, moz:processID: 12664, moz:profile: C:\Users\mahenderd\AppData\..., moz:useNonSpecCompliantPointerOrigin: false, moz:webdriverClick: true, pageLoadStrategy: normal, platform: XP, platformName: XP, platformVersion: 10.0, rotatable: false, timeouts: {implicit: 0, pageLoad: 300000, script: 30000}}
Session ID: 2a00110e-5974-4ba1-9284-9c01e2b694cc
*** Element info: {Using=xpath, value=//div[@class=&amp;apos;box-body konnectMembers KonnMemberList PenKonnections&amp;apos;]//following::ul//li[1]}">
      <![CDATA[org.openqa.selenium.NoSuchElementException: Unable to locate element: //div[@class='box-body konnectMembers KonnMemberList PenKonnections']//following::ul//li[1]
For documentation on this error, please visit: http://seleniumhq.org/exceptions/no_such_element.html
Build info: version: '3.11.0', revision: 'e59cfb3', time: '2018-03-11T20:26:55.152Z'
System info: host: 'NETWIN-PC63', ip: '172.16.6.163', os.name: 'Windows 10', os.arch: 'amd64', os.version: '10.0', java.version: '9.0.4'
Driver info: org.openqa.selenium.firefox.FirefoxDriver
Capabilities {acceptInsecureCerts: true, browserName: firefox, browserVersion: 59.0.2, javascriptEnabled: true, moz:accessibilityChecks: false, moz:headless: false, moz:processID: 12664, moz:profile: C:\Users\mahenderd\AppData\..., moz:useNonSpecCompliantPointerOrigin: false, moz:webdriverClick: true, pageLoadStrategy: normal, platform: XP, platformName: XP, platformVersion: 10.0, rotatable: false, timeouts: {implicit: 0, pageLoad: 300000, script: 30000}}
Session ID: 2a00110e-5974-4ba1-9284-9c01e2b694cc
*** Element info: {Using=xpath, value=//div[@class='box-body konnectMembers KonnMemberList PenKonnections']//following::ul//li[1]}
at java.base/jdk.internal.reflect.NativeConstructorAccessorImpl.newInstance0(Native Method)
at java.base/jdk.internal.reflect.NativeConstructorAccessorImpl.newInstance(NativeConstructorAccessorImpl.java:62)
at java.base/jdk.internal.reflect.DelegatingConstructorAccessorImpl.newInstance(DelegatingConstructorAccessorImpl.java:45)
at java.base/java.lang.reflect.Constructor.newInstance(Constructor.java:488)
at org.openqa.selenium.remote.http.W3CHttpResponseCodec.createException(W3CHttpResponseCodec.java:187)
at org.openqa.selenium.remote.http.W3CHttpResponseCodec.decode(W3CHttpResponseCodec.java:122)
at org.openqa.selenium.remote.http.W3CHttpResponseCodec.decode(W3CHttpResponseCodec.java:49)
at org.openqa.selenium.remote.HttpCommandExecutor.execute(HttpCommandExecutor.java:158)
at org.openqa.selenium.remote.service.DriverCommandExecutor.execute(DriverCommandExecutor.java:83)
at org.openqa.selenium.remote.RemoteWebDriver.execute(RemoteWebDriver.java:545)
at org.openqa.selenium.remote.RemoteWebDriver.findElement(RemoteWebDriver.java:319)
at org.openqa.selenium.remote.RemoteWebDriver.findElementByXPath(RemoteWebDriver.java:421)
at org.openqa.selenium.By$ByXPath.findElement(By.java:361)
at org.openqa.selenium.remote.RemoteWebDriver.findElement(RemoteWebDriver.java:311)
at jdk.internal.reflect.GeneratedMethodAccessor4.invoke(Unknown Source)
at java.base/jdk.internal.reflect.DelegatingMethodAccessorImpl.invoke(DelegatingMethodAccessorImpl.java:43)
at java.base/java.lang.reflect.Method.invoke(Method.java:564)
at org.openqa.selenium.support.events.EventFiringWebDriver.lambda$new$1(EventFiringWebDriver.java:103)
at com.sun.proxy.$Proxy11.findElement(Unknown Source)
at org.openqa.selenium.support.events.EventFiringWebDriver.findElement(EventFiringWebDriver.java:186)
at org.openqa.selenium.support.pagefactory.DefaultElementLocator.findElement(DefaultElementLocator.java:69)
at org.openqa.selenium.support.pagefactory.internal.LocatingElementHandler.invoke(LocatingElementHandler.java:38)
at com.sun.proxy.$Proxy15.isDisplayed(Unknown Source)
at com.konnect.pages.KonnectionsPage.Verifyrequestsentusers(KonnectionsPage.java:219)
at com.konnect.testcases.KonnectionsPageTest.VerifyAllRequestSentUser(KonnectionsPageTest.java:216)
at java.base/jdk.internal.reflect.NativeMethodAccessorImpl.invoke0(Native Method)
at java.base/jdk.internal.reflect.NativeMethodAccessorImpl.invoke(NativeMethodAccessorImpl.java:62)
at java.base/jdk.internal.reflect.DelegatingMethodAccessorImpl.invoke(DelegatingMethodAccessorImpl.java:43)
at java.base/java.lang.reflect.Method.invoke(Method.java:564)
at org.testng.internal.MethodInvocationHelper.invokeMethod(MethodInvocationHelper.java:124)
at org.testng.internal.Invoker.invokeMethod(Invoker.java:583)
at org.testng.internal.Invoker.invokeTestMethod(Invoker.java:719)
at org.testng.internal.Invoker.invokeTestMethods(Invoker.java:989)
at org.testng.internal.TestMethodWorker.invokeTestMethods(TestMethodWorker.java:125)
at org.testng.internal.TestMethodWorker.run(TestMethodWorker.java:109)
at org.testng.TestRunner.privateRun(TestRunner.java:648)
at org.testng.TestRunner.run(TestRunner.java:505)
at org.testng.SuiteRunner.runTest(SuiteRunner.java:455)
at org.testng.SuiteRunner.runSequentially(SuiteRunner.java:450)
at org.testng.SuiteRunner.privateRun(SuiteRunner.java:415)
at org.testng.SuiteRunner.run(SuiteRunner.java:364)
at org.testng.SuiteRunnerWorker.runSuite(SuiteRunnerWorker.java:52)
at org.testng.SuiteRunnerWorker.run(SuiteRunnerWorker.java:84)
at org.testng.TestNG.runSuitesSequentially(TestNG.java:1208)
at org.testng.TestNG.runSuitesLocally(TestNG.java:1137)
at org.testng.TestNG.runSuites(TestNG.java:1049)
at org.testng.TestNG.run(TestNG.java:1017)
at org.testng.remote.AbstractRemoteTestNG.run(AbstractRemoteTestNG.java:114)
at org.testng.remote.RemoteTestNG.initAndRun(RemoteTestNG.java:251)
at org.testng.remote.RemoteTestNG.main(RemoteTestNG.java:77)
]]>
    </failure>
  </testcase> <!-- VerifyAllRequestSentUser -->
  <testcase classname="com.konnect.testcases.KonnectionsPageTest" name="SelectPendingAcceptance" time="3.331"/>
  <testcase classname="com.konnect.testcases.KonnectionsPageTest" name="Logoutfromkonnections" time="0.84"/>
  <testcase classname="com.konnect.testcases.KonnectionsPageTest" name="SecondLogin" time="23.399"/>
  <testcase classname="com.konnect.testcases.KonnectionsPageTest" name="ClickonAddNewKonnections1" time="33.414"/>
</testsuite> <!-- Default test -->
