<html>
<head>
<title>TestNG:  Default test</title>
<link href="../testng.css" rel="stylesheet" type="text/css" />
<link href="../my-testng.css" rel="stylesheet" type="text/css" />

<style type="text/css">
.log { display: none;} 
.stack-trace { display: none;} 
</style>
<script type="text/javascript">
<!--
function flip(e) {
  current = e.style.display;
  if (current == 'block') {
    e.style.display = 'none';
    return 0;
  }
  else {
    e.style.display = 'block';
    return 1;
  }
}

function toggleBox(szDivId, elem, msg1, msg2)
{
  var res = -1;  if (document.getElementById) {
    res = flip(document.getElementById(szDivId));
  }
  else if (document.all) {
    // this is the way old msie versions work
    res = flip(document.all[szDivId]);
  }
  if(elem) {
    if(res == 0) elem.innerHTML = msg1; else elem.innerHTML = msg2;
  }

}

function toggleAllBoxes() {
  if (document.getElementsByTagName) {
    d = document.getElementsByTagName('div');
    for (i = 0; i < d.length; i++) {
      if (d[i].className == 'log') {
        flip(d[i]);
      }
    }
  }
}

// -->
</script>

</head>
<body>
<h2 align='center'>Default test</h2><table border='1' align="center">
<tr>
<td>Tests passed/Failed/Skipped:</td><td>15/1/0</td>
</tr><tr>
<td>Started on:</td><td>Thu Apr 19 07:33:53 IST 2018</td>
</tr>
<tr><td>Total time:</td><td>196 seconds (196519 ms)</td>
</tr><tr>
<td>Included groups:</td><td></td>
</tr><tr>
<td>Excluded groups:</td><td></td>
</tr>
</table><p/>
<small><i>(Hover the method name to see the test class name)</i></small><p/>
<table width='100%' border='1' class='invocation-failed'>
<tr><td colspan='4' align='center'><b>FAILED TESTS</b></td></tr>
<tr><td><b>Test method</b></td>
<td width="30%"><b>Exception</b></td>
<td width="10%"><b>Time (seconds)</b></td>
<td><b>Instance</b></td>
</tr>
<tr>
<td title='com.konnect.testcases.KonnectionsPageTest.VerifyAllRequestSentUser()'><b>VerifyAllRequestSentUser</b><br>Test class: com.konnect.testcases.KonnectionsPageTest</td>
<td><div><pre>org.openqa.selenium.NoSuchElementException: Unable to locate element: //div[@class=&apos;box-body konnectMembers KonnMemberList PenKonnections&apos;]//following::ul//li[1]
For documentation on this error, please visit: http://seleniumhq.org/exceptions/no_such_element.html
Build info: version: &apos;3.11.0&apos;, revision: &apos;e59cfb3&apos;, time: &apos;2018-03-11T20:26:55.152Z&apos;
System info: host: &apos;NETWIN-PC63&apos;, ip: &apos;172.16.6.163&apos;, os.name: &apos;Windows 10&apos;, os.arch: &apos;amd64&apos;, os.version: &apos;10.0&apos;, java.version: &apos;9.0.4&apos;
Driver info: org.openqa.selenium.firefox.FirefoxDriver
Capabilities {acceptInsecureCerts: true, browserName: firefox, browserVersion: 59.0.2, javascriptEnabled: true, moz:accessibilityChecks: false, moz:headless: false, moz:processID: 12664, moz:profile: C:\Users\mahenderd\AppData\..., moz:useNonSpecCompliantPointerOrigin: false, moz:webdriverClick: true, pageLoadStrategy: normal, platform: XP, platformName: XP, platformVersion: 10.0, rotatable: false, timeouts: {implicit: 0, pageLoad: 300000, script: 30000}}
Session ID: 2a00110e-5974-4ba1-9284-9c01e2b694cc
*** Element info: {Using=xpath, value=//div[@class=&apos;box-body konnectMembers KonnMemberList PenKonnections&apos;]//following::ul//li[1]}
	at java.base/jdk.internal.reflect.NativeConstructorAccessorImpl.newInstance0(Native Method)
	at java.base/jdk.internal.reflect.NativeConstructorAccessorImpl.newInstance(NativeConstructorAccessorImpl.java:62)
	at java.base/jdk.internal.reflect.DelegatingConstructorAccessorImpl.newInstance(DelegatingConstructorAccessorImpl.java:45)
	at java.base/java.lang.reflect.Constructor.newInstance(Constructor.java:488)
	at org.openqa.selenium.remote.http.W3CHttpResponseCodec.createException(W3CHttpResponseCodec.java:187)
	at org.openqa.selenium.remote.http.W3CHttpResponseCodec.decode(W3CHttpResponseCodec.java:122)
	at org.openqa.selenium.remote.http.W3CHttpResponseCodec.decode(W3CHttpResponseCodec.java:49)
	at org.openqa.selenium.remote.HttpCommandExecutor.execute(HttpCommandExecutor.java:158)
	at org.openqa.selenium.remote.service.DriverCommandExecutor.execute(DriverCommandExecutor.java:83)
	at org.openqa.selenium.remote.RemoteWebDriver.execute(RemoteWebDriver.java:545)
	at org.openqa.selenium.remote.RemoteWebDriver.findElement(RemoteWebDriver.java:319)
	at org.openqa.selenium.remote.RemoteWebDriver.findElementByXPath(RemoteWebDriver.java:421)
	at org.openqa.selenium.By$ByXPath.findElement(By.java:361)
	at org.openqa.selenium.remote.RemoteWebDriver.findElement(RemoteWebDriver.java:311)
	at jdk.internal.reflect.GeneratedMethodAccessor4.invoke(Unknown Source)
	at java.base/jdk.internal.reflect.DelegatingMethodAccessorImpl.invoke(DelegatingMethodAccessorImpl.java:43)
	at java.base/java.lang.reflect.Method.invoke(Method.java:564)
	at org.openqa.selenium.support.events.EventFiringWebDriver.lambda$new$1(EventFiringWebDriver.java:103)
	at com.sun.proxy.$Proxy11.findElement(Unknown Source)
	at org.openqa.selenium.support.events.EventFiringWebDriver.findElement(EventFiringWebDriver.java:186)
	at org.openqa.selenium.support.pagefactory.DefaultElementLocator.findElement(DefaultElementLocator.java:69)
	at org.openqa.selenium.support.pagefactory.internal.LocatingElementHandler.invoke(LocatingElementHandler.java:38)
	at com.sun.proxy.$Proxy15.isDisplayed(Unknown Source)
	at com.konnect.pages.KonnectionsPage.Verifyrequestsentusers(KonnectionsPage.java:219)
	at com.konnect.testcases.KonnectionsPageTest.VerifyAllRequestSentUser(KonnectionsPageTest.java:216)
	at java.base/jdk.internal.reflect.NativeMethodAccessorImpl.invoke0(Native Method)
	at java.base/jdk.internal.reflect.NativeMethodAccessorImpl.invoke(NativeMethodAccessorImpl.java:62)
	at java.base/jdk.internal.reflect.DelegatingMethodAccessorImpl.invoke(DelegatingMethodAccessorImpl.java:43)
	at java.base/java.lang.reflect.Method.invoke(Method.java:564)
	at org.testng.internal.MethodInvocationHelper.invokeMethod(MethodInvocationHelper.java:124)
	at org.testng.internal.Invoker.invokeMethod(Invoker.java:583)
	at org.testng.internal.Invoker.invokeTestMethod(Invoker.java:719)
	at org.testng.internal.Invoker.invokeTestMethods(Invoker.java:989)
	at org.testng.internal.TestMethodWorker.invokeTestMethods(TestMethodWorker.java:125)
	at org.testng.internal.TestMethodWorker.run(TestMethodWorker.java:109)
	at org.testng.TestRunner.privateRun(TestRunner.java:648)
	at org.testng.TestRunner.run(TestRunner.java:505)
	at org.testng.SuiteRunner.runTest(SuiteRunner.java:455)
	at org.testng.SuiteRunner.runSequentially(SuiteRunner.java:450)
	at org.testng.SuiteRunner.privateRun(SuiteRunner.java:415)
	at org.testng.SuiteRunner.run(SuiteRunner.java:364)
	at org.testng.SuiteRunnerWorker.runSuite(SuiteRunnerWorker.java:52)
	at org.testng.SuiteRunnerWorker.run(SuiteRunnerWorker.java:84)
	at org.testng.TestNG.runSuitesSequentially(TestNG.java:1208)
	at org.testng.TestNG.runSuitesLocally(TestNG.java:1137)
	at org.testng.TestNG.runSuites(TestNG.java:1049)
	at org.testng.TestNG.run(TestNG.java:1017)
	at org.testng.remote.AbstractRemoteTestNG.run(AbstractRemoteTestNG.java:114)
	at org.testng.remote.RemoteTestNG.initAndRun(RemoteTestNG.java:251)
	at org.testng.remote.RemoteTestNG.main(RemoteTestNG.java:77)
</pre></div><a href='#' onClick='toggleBox("stack-trace1843459456", this, "Click to show all stack frames", "Click to hide stack frames")'>Click to show all stack frames</a>
<div class='stack-trace' id='stack-trace1843459456'><pre>org.openqa.selenium.NoSuchElementException: Unable to locate element: //div[@class=&apos;box-body konnectMembers KonnMemberList PenKonnections&apos;]//following::ul//li[1]
For documentation on this error, please visit: http://seleniumhq.org/exceptions/no_such_element.html
Build info: version: &apos;3.11.0&apos;, revision: &apos;e59cfb3&apos;, time: &apos;2018-03-11T20:26:55.152Z&apos;
System info: host: &apos;NETWIN-PC63&apos;, ip: &apos;172.16.6.163&apos;, os.name: &apos;Windows 10&apos;, os.arch: &apos;amd64&apos;, os.version: &apos;10.0&apos;, java.version: &apos;9.0.4&apos;
Driver info: org.openqa.selenium.firefox.FirefoxDriver
Capabilities {acceptInsecureCerts: true, browserName: firefox, browserVersion: 59.0.2, javascriptEnabled: true, moz:accessibilityChecks: false, moz:headless: false, moz:processID: 12664, moz:profile: C:\Users\mahenderd\AppData\..., moz:useNonSpecCompliantPointerOrigin: false, moz:webdriverClick: true, pageLoadStrategy: normal, platform: XP, platformName: XP, platformVersion: 10.0, rotatable: false, timeouts: {implicit: 0, pageLoad: 300000, script: 30000}}
Session ID: 2a00110e-5974-4ba1-9284-9c01e2b694cc
*** Element info: {Using=xpath, value=//div[@class=&apos;box-body konnectMembers KonnMemberList PenKonnections&apos;]//following::ul//li[1]}
	at java.base/jdk.internal.reflect.NativeConstructorAccessorImpl.newInstance0(Native Method)
	at java.base/jdk.internal.reflect.NativeConstructorAccessorImpl.newInstance(NativeConstructorAccessorImpl.java:62)
	at java.base/jdk.internal.reflect.DelegatingConstructorAccessorImpl.newInstance(DelegatingConstructorAccessorImpl.java:45)
	at java.base/java.lang.reflect.Constructor.newInstance(Constructor.java:488)
	at org.openqa.selenium.remote.http.W3CHttpResponseCodec.createException(W3CHttpResponseCodec.java:187)
	at org.openqa.selenium.remote.http.W3CHttpResponseCodec.decode(W3CHttpResponseCodec.java:122)
	at org.openqa.selenium.remote.http.W3CHttpResponseCodec.decode(W3CHttpResponseCodec.java:49)
	at org.openqa.selenium.remote.HttpCommandExecutor.execute(HttpCommandExecutor.java:158)
	at org.openqa.selenium.remote.service.DriverCommandExecutor.execute(DriverCommandExecutor.java:83)
	at org.openqa.selenium.remote.RemoteWebDriver.execute(RemoteWebDriver.java:545)
	at org.openqa.selenium.remote.RemoteWebDriver.findElement(RemoteWebDriver.java:319)
	at org.openqa.selenium.remote.RemoteWebDriver.findElementByXPath(RemoteWebDriver.java:421)
	at org.openqa.selenium.By$ByXPath.findElement(By.java:361)
	at org.openqa.selenium.remote.RemoteWebDriver.findElement(RemoteWebDriver.java:311)
	at jdk.internal.reflect.GeneratedMethodAccessor4.invoke(Unknown Source)
	at java.base/jdk.internal.reflect.DelegatingMethodAccessorImpl.invoke(DelegatingMethodAccessorImpl.java:43)
	at java.base/java.lang.reflect.Method.invoke(Method.java:564)
	at org.openqa.selenium.support.events.EventFiringWebDriver.lambda$new$1(EventFiringWebDriver.java:103)
	at com.sun.proxy.$Proxy11.findElement(Unknown Source)
	at org.openqa.selenium.support.events.EventFiringWebDriver.findElement(EventFiringWebDriver.java:186)
	at org.openqa.selenium.support.pagefactory.DefaultElementLocator.findElement(DefaultElementLocator.java:69)
	at org.openqa.selenium.support.pagefactory.internal.LocatingElementHandler.invoke(LocatingElementHandler.java:38)
	at com.sun.proxy.$Proxy15.isDisplayed(Unknown Source)
	at com.konnect.pages.KonnectionsPage.Verifyrequestsentusers(KonnectionsPage.java:219)
	at com.konnect.testcases.KonnectionsPageTest.VerifyAllRequestSentUser(KonnectionsPageTest.java:216)
	at java.base/jdk.internal.reflect.NativeMethodAccessorImpl.invoke0(Native Method)
	at java.base/jdk.internal.reflect.NativeMethodAccessorImpl.invoke(NativeMethodAccessorImpl.java:62)
	at java.base/jdk.internal.reflect.DelegatingMethodAccessorImpl.invoke(DelegatingMethodAccessorImpl.java:43)
	at java.base/java.lang.reflect.Method.invoke(Method.java:564)
	at org.testng.internal.MethodInvocationHelper.invokeMethod(MethodInvocationHelper.java:124)
	at org.testng.internal.Invoker.invokeMethod(Invoker.java:583)
	at org.testng.internal.Invoker.invokeTestMethod(Invoker.java:719)
	at org.testng.internal.Invoker.invokeTestMethods(Invoker.java:989)
	at org.testng.internal.TestMethodWorker.invokeTestMethods(TestMethodWorker.java:125)
	at org.testng.internal.TestMethodWorker.run(TestMethodWorker.java:109)
	at org.testng.TestRunner.privateRun(TestRunner.java:648)
	at org.testng.TestRunner.run(TestRunner.java:505)
	at org.testng.SuiteRunner.runTest(SuiteRunner.java:455)
	at org.testng.SuiteRunner.runSequentially(SuiteRunner.java:450)
	at org.testng.SuiteRunner.privateRun(SuiteRunner.java:415)
	at org.testng.SuiteRunner.run(SuiteRunner.java:364)
	at org.testng.SuiteRunnerWorker.runSuite(SuiteRunnerWorker.java:52)
	at org.testng.SuiteRunnerWorker.run(SuiteRunnerWorker.java:84)
	at org.testng.TestNG.runSuitesSequentially(TestNG.java:1208)
	at org.testng.TestNG.runSuitesLocally(TestNG.java:1137)
	at org.testng.TestNG.runSuites(TestNG.java:1049)
	at org.testng.TestNG.run(TestNG.java:1017)
	at org.testng.remote.AbstractRemoteTestNG.run(AbstractRemoteTestNG.java:114)
	at org.testng.remote.RemoteTestNG.initAndRun(RemoteTestNG.java:251)
	at org.testng.remote.RemoteTestNG.main(RemoteTestNG.java:77)
</pre></div></td>
<td>30</td>
<td>com.konnect.testcases.KonnectionsPageTest@514646ef</td></tr>
</table><p>
<table width='100%' border='1' class='invocation-passed'>
<tr><td colspan='4' align='center'><b>PASSED TESTS</b></td></tr>
<tr><td><b>Test method</b></td>
<td width="30%"><b>Exception</b></td>
<td width="10%"><b>Time (seconds)</b></td>
<td><b>Instance</b></td>
</tr>
<tr>
<td title='com.konnect.testcases.KonnectionsPageTest.ClickonAddNewKonnections()'><b>ClickonAddNewKonnections</b><br>Test class: com.konnect.testcases.KonnectionsPageTest</td>
<td></td>
<td>33</td>
<td>com.konnect.testcases.KonnectionsPageTest@514646ef</td></tr>
<tr>
<td title='com.konnect.testcases.KonnectionsPageTest.ClickonAddNewKonnections1()'><b>ClickonAddNewKonnections1</b><br>Test class: com.konnect.testcases.KonnectionsPageTest</td>
<td></td>
<td>33</td>
<td>com.konnect.testcases.KonnectionsPageTest@514646ef</td></tr>
<tr>
<td title='com.konnect.testcases.KonnectionsPageTest.ClickonAllKonnectionsTab()'><b>ClickonAllKonnectionsTab</b><br>Test class: com.konnect.testcases.KonnectionsPageTest</td>
<td></td>
<td>0</td>
<td>com.konnect.testcases.KonnectionsPageTest@514646ef</td></tr>
<tr>
<td title='com.konnect.testcases.KonnectionsPageTest.ClickonKonnect()'><b>ClickonKonnect</b><br>Test class: com.konnect.testcases.KonnectionsPageTest</td>
<td></td>
<td>2</td>
<td>com.konnect.testcases.KonnectionsPageTest@514646ef</td></tr>
<tr>
<td title='com.konnect.testcases.KonnectionsPageTest.DeleteRequestSentUser()'><b>DeleteRequestSentUser</b><br>Test class: com.konnect.testcases.KonnectionsPageTest</td>
<td></td>
<td>2</td>
<td>com.konnect.testcases.KonnectionsPageTest@514646ef</td></tr>
<tr>
<td title='com.konnect.testcases.KonnectionsPageTest.Logoutfromkonnections()'><b>Logoutfromkonnections</b><br>Test class: com.konnect.testcases.KonnectionsPageTest</td>
<td></td>
<td>0</td>
<td>com.konnect.testcases.KonnectionsPageTest@514646ef</td></tr>
<tr>
<td title='com.konnect.testcases.KonnectionsPageTest.NavigatetoAllKonnections()'><b>NavigatetoAllKonnections</b><br>Test class: com.konnect.testcases.KonnectionsPageTest</td>
<td></td>
<td>3</td>
<td>com.konnect.testcases.KonnectionsPageTest@514646ef</td></tr>
<tr>
<td title='com.konnect.testcases.KonnectionsPageTest.NavigatetoMyKonnections()'><b>NavigatetoMyKonnections</b><br>Test class: com.konnect.testcases.KonnectionsPageTest</td>
<td></td>
<td>3</td>
<td>com.konnect.testcases.KonnectionsPageTest@514646ef</td></tr>
<tr>
<td title='com.konnect.testcases.KonnectionsPageTest.SearchAnyoneuserinMyKonnections()'><b>SearchAnyoneuserinMyKonnections</b><br>Test class: com.konnect.testcases.KonnectionsPageTest<br>Parameters: Sunil, Vijay, Sunil, Vijay</td>
<td></td>
<td>6</td>
<td>com.konnect.testcases.KonnectionsPageTest@514646ef</td></tr>
<tr>
<td title='com.konnect.testcases.KonnectionsPageTest.SearchRequestSentUser()'><b>SearchRequestSentUser</b><br>Test class: com.konnect.testcases.KonnectionsPageTest<br>Parameters: Sunil, Vijay, Sunil, Vijay</td>
<td></td>
<td>5</td>
<td>com.konnect.testcases.KonnectionsPageTest@514646ef</td></tr>
<tr>
<td title='com.konnect.testcases.KonnectionsPageTest.SearchUserToSelect()'><b>SearchUserToSelect</b><br>Test class: com.konnect.testcases.KonnectionsPageTest<br>Parameters: Sunil, Vijay, Sunil, Vijay</td>
<td></td>
<td>3</td>
<td>com.konnect.testcases.KonnectionsPageTest@514646ef</td></tr>
<tr>
<td title='com.konnect.testcases.KonnectionsPageTest.SecondLogin()'><b>SecondLogin</b><br>Test class: com.konnect.testcases.KonnectionsPageTest<br>Parameters: VijayH, NEtwin@123&</td>
<td></td>
<td>23</td>
<td>com.konnect.testcases.KonnectionsPageTest@514646ef</td></tr>
<tr>
<td title='com.konnect.testcases.KonnectionsPageTest.SelectPendingAcceptance()'><b>SelectPendingAcceptance</b><br>Test class: com.konnect.testcases.KonnectionsPageTest</td>
<td></td>
<td>3</td>
<td>com.konnect.testcases.KonnectionsPageTest@514646ef</td></tr>
<tr>
<td title='com.konnect.testcases.KonnectionsPageTest.SelectUser()'><b>SelectUser</b><br>Test class: com.konnect.testcases.KonnectionsPageTest</td>
<td></td>
<td>1</td>
<td>com.konnect.testcases.KonnectionsPageTest@514646ef</td></tr>
<tr>
<td title='com.konnect.testcases.KonnectionsPageTest.VerifyUserRequestCancellledStatus()'><b>VerifyUserRequestCancellledStatus</b><br>Test class: com.konnect.testcases.KonnectionsPageTest</td>
<td></td>
<td>4</td>
<td>com.konnect.testcases.KonnectionsPageTest@514646ef</td></tr>
</table><p>
</body>
</html>